<?xml version="1.0" encoding="UTF-8"?>
<!-- Generated by org.testng.reporters.JUnitXMLReporter -->
<testsuite hostname="DESKTOP-PRT0ACF" ignored="0" name="Default test" tests="11" failures="0" timestamp="29 Jul 2017 11:09:41 GMT" time="0.156" errors="0">
  <testcase name="newTest1" time="0.026" classname="test.BTest"/>
  <testcase name="newTest2" time="0.004" classname="test.BTest"/>
  <testcase name="newTest2" time="0.004" classname="test.BTest"/>
  <testcase name="newTest2" time="0.004" classname="test.BTest"/>
  <testcase name="newTest2" time="0.004" classname="test.BTest"/>
  <testcase name="newTest2" time="0.004" classname="test.BTest"/>
  <testcase name="newTest2" time="0.003" classname="test.BTest"/>
  <testcase name="newTest2" time="0.003" classname="test.BTest"/>
  <testcase name="newTest2" time="0.003" classname="test.BTest"/>
  <testcase name="newTest2" time="0.003" classname="test.BTest"/>
  <testcase name="newTest2" time="0.003" classname="test.BTest"/>
</testsuite> <!-- Default test -->
